<?xml version="1.0" encoding="UTF-8"?>
<testsuite xmlns:xsi="http://www.w3.org/2001/XMLSchema-instance" xsi:noNamespaceSchemaLocation="https://maven.apache.org/surefire/maven-surefire-plugin/xsd/surefire-test-report.xsd" name="com.example.yudyang.regulus.core.ElasticTest" time="0.003" tests="0" errors="0" skipped="0" failures="0">
  <properties>
    <property name="gopherProxySet" value="false"/>
    <property name="awt.toolkit" value="sun.lwawt.macosx.LWCToolkit"/>
    <property name="file.encoding.pkg" value="sun.io"/>
    <property name="java.specification.version" value="1.8"/>
    <property name="sun.cpu.isalist" value=""/>
    <property name="sun.jnu.encoding" value="UTF-8"/>
    <property name="java.class.path" value="/Users/yudyang/opendistro/iamazy/Regulus/sql-core/target/test-classes:/Users/yudyang/opendistro/iamazy/Regulus/sql-core/target/classes:/Users/yudyang/.m2/repository/org/antlr/antlr4-runtime/4.7.2/antlr4-runtime-4.7.2.jar:/Users/yudyang/.m2/repository/org/elasticsearch/elasticsearch/7.12.0/elasticsearch-7.12.0.jar:/Users/yudyang/.m2/repository/org/elasticsearch/elasticsearch-core/7.12.0/elasticsearch-core-7.12.0.jar:/Users/yudyang/.m2/repository/org/elasticsearch/elasticsearch-secure-sm/7.12.0/elasticsearch-secure-sm-7.12.0.jar:/Users/yudyang/.m2/repository/org/elasticsearch/elasticsearch-x-content/7.12.0/elasticsearch-x-content-7.12.0.jar:/Users/yudyang/.m2/repository/org/yaml/snakeyaml/1.26/snakeyaml-1.26.jar:/Users/yudyang/.m2/repository/com/fasterxml/jackson/core/jackson-core/2.10.4/jackson-core-2.10.4.jar:/Users/yudyang/.m2/repository/com/fasterxml/jackson/dataformat/jackson-dataformat-smile/2.10.4/jackson-dataformat-smile-2.10.4.jar:/Users/yudyang/.m2/repository/com/fasterxml/jackson/dataformat/jackson-dataformat-yaml/2.10.4/jackson-dataformat-yaml-2.10.4.jar:/Users/yudyang/.m2/repository/com/fasterxml/jackson/dataformat/jackson-dataformat-cbor/2.10.4/jackson-dataformat-cbor-2.10.4.jar:/Users/yudyang/.m2/repository/org/elasticsearch/elasticsearch-geo/7.12.0/elasticsearch-geo-7.12.0.jar:/Users/yudyang/.m2/repository/org/apache/lucene/lucene-core/8.8.0/lucene-core-8.8.0.jar:/Users/yudyang/.m2/repository/org/apache/lucene/lucene-analyzers-common/8.8.0/lucene-analyzers-common-8.8.0.jar:/Users/yudyang/.m2/repository/org/apache/lucene/lucene-backward-codecs/8.8.0/lucene-backward-codecs-8.8.0.jar:/Users/yudyang/.m2/repository/org/apache/lucene/lucene-grouping/8.8.0/lucene-grouping-8.8.0.jar:/Users/yudyang/.m2/repository/org/apache/lucene/lucene-highlighter/8.8.0/lucene-highlighter-8.8.0.jar:/Users/yudyang/.m2/repository/org/apache/lucene/lucene-join/8.8.0/lucene-join-8.8.0.jar:/Users/yudyang/.m2/repository/org/apache/lucene/lucene-memory/8.8.0/lucene-memory-8.8.0.jar:/Users/yudyang/.m2/repository/org/apache/lucene/lucene-misc/8.8.0/lucene-misc-8.8.0.jar:/Users/yudyang/.m2/repository/org/apache/lucene/lucene-queries/8.8.0/lucene-queries-8.8.0.jar:/Users/yudyang/.m2/repository/org/apache/lucene/lucene-queryparser/8.8.0/lucene-queryparser-8.8.0.jar:/Users/yudyang/.m2/repository/org/apache/lucene/lucene-sandbox/8.8.0/lucene-sandbox-8.8.0.jar:/Users/yudyang/.m2/repository/org/apache/lucene/lucene-spatial-extras/8.8.0/lucene-spatial-extras-8.8.0.jar:/Users/yudyang/.m2/repository/org/apache/lucene/lucene-spatial3d/8.8.0/lucene-spatial3d-8.8.0.jar:/Users/yudyang/.m2/repository/org/apache/lucene/lucene-suggest/8.8.0/lucene-suggest-8.8.0.jar:/Users/yudyang/.m2/repository/org/elasticsearch/elasticsearch-cli/7.12.0/elasticsearch-cli-7.12.0.jar:/Users/yudyang/.m2/repository/net/sf/jopt-simple/jopt-simple/5.0.2/jopt-simple-5.0.2.jar:/Users/yudyang/.m2/repository/com/carrotsearch/hppc/0.8.1/hppc-0.8.1.jar:/Users/yudyang/.m2/repository/joda-time/joda-time/2.10.4/joda-time-2.10.4.jar:/Users/yudyang/.m2/repository/com/tdunning/t-digest/3.2/t-digest-3.2.jar:/Users/yudyang/.m2/repository/org/hdrhistogram/HdrHistogram/2.1.9/HdrHistogram-2.1.9.jar:/Users/yudyang/.m2/repository/org/apache/logging/log4j/log4j-api/2.11.1/log4j-api-2.11.1.jar:/Users/yudyang/.m2/repository/org/elasticsearch/jna/5.7.0-1/jna-5.7.0-1.jar:"/>
    <property name="java.vm.vendor" value="Azul Systems, Inc."/>
    <property name="sun.arch.data.model" value="64"/>
    <property name="java.vendor.url" value="http://www.azulsystems.com/"/>
    <property name="user.timezone" value=""/>
    <property name="java.vm.specification.version" value="1.8"/>
    <property name="os.name" value="Mac OS X"/>
    <property name="user.country" value="CN"/>
    <property name="sun.java.launcher" value="SUN_STANDARD"/>
    <property name="sun.boot.library.path" value="/Users/yudyang/JDK/1.8.221_mac/jre/lib"/>
    <property name="sun.java.command" value="/Users/yudyang/opendistro/iamazy/Regulus/sql-core/target/surefire/surefirebooter3241435579108155218.jar /Users/yudyang/opendistro/iamazy/Regulus/sql-core/target/surefire 2021-04-21T15-27-45_048-jvmRun1 surefire7735186719698766588tmp surefire_03293736136172221852tmp"/>
    <property name="surefire.test.class.path" value="/Users/yudyang/opendistro/iamazy/Regulus/sql-core/target/test-classes:/Users/yudyang/opendistro/iamazy/Regulus/sql-core/target/classes:/Users/yudyang/.m2/repository/org/antlr/antlr4-runtime/4.7.2/antlr4-runtime-4.7.2.jar:/Users/yudyang/.m2/repository/org/elasticsearch/elasticsearch/7.12.0/elasticsearch-7.12.0.jar:/Users/yudyang/.m2/repository/org/elasticsearch/elasticsearch-core/7.12.0/elasticsearch-core-7.12.0.jar:/Users/yudyang/.m2/repository/org/elasticsearch/elasticsearch-secure-sm/7.12.0/elasticsearch-secure-sm-7.12.0.jar:/Users/yudyang/.m2/repository/org/elasticsearch/elasticsearch-x-content/7.12.0/elasticsearch-x-content-7.12.0.jar:/Users/yudyang/.m2/repository/org/yaml/snakeyaml/1.26/snakeyaml-1.26.jar:/Users/yudyang/.m2/repository/com/fasterxml/jackson/core/jackson-core/2.10.4/jackson-core-2.10.4.jar:/Users/yudyang/.m2/repository/com/fasterxml/jackson/dataformat/jackson-dataformat-smile/2.10.4/jackson-dataformat-smile-2.10.4.jar:/Users/yudyang/.m2/repository/com/fasterxml/jackson/dataformat/jackson-dataformat-yaml/2.10.4/jackson-dataformat-yaml-2.10.4.jar:/Users/yudyang/.m2/repository/com/fasterxml/jackson/dataformat/jackson-dataformat-cbor/2.10.4/jackson-dataformat-cbor-2.10.4.jar:/Users/yudyang/.m2/repository/org/elasticsearch/elasticsearch-geo/7.12.0/elasticsearch-geo-7.12.0.jar:/Users/yudyang/.m2/repository/org/apache/lucene/lucene-core/8.8.0/lucene-core-8.8.0.jar:/Users/yudyang/.m2/repository/org/apache/lucene/lucene-analyzers-common/8.8.0/lucene-analyzers-common-8.8.0.jar:/Users/yudyang/.m2/repository/org/apache/lucene/lucene-backward-codecs/8.8.0/lucene-backward-codecs-8.8.0.jar:/Users/yudyang/.m2/repository/org/apache/lucene/lucene-grouping/8.8.0/lucene-grouping-8.8.0.jar:/Users/yudyang/.m2/repository/org/apache/lucene/lucene-highlighter/8.8.0/lucene-highlighter-8.8.0.jar:/Users/yudyang/.m2/repository/org/apache/lucene/lucene-join/8.8.0/lucene-join-8.8.0.jar:/Users/yudyang/.m2/repository/org/apache/lucene/lucene-memory/8.8.0/lucene-memory-8.8.0.jar:/Users/yudyang/.m2/repository/org/apache/lucene/lucene-misc/8.8.0/lucene-misc-8.8.0.jar:/Users/yudyang/.m2/repository/org/apache/lucene/lucene-queries/8.8.0/lucene-queries-8.8.0.jar:/Users/yudyang/.m2/repository/org/apache/lucene/lucene-queryparser/8.8.0/lucene-queryparser-8.8.0.jar:/Users/yudyang/.m2/repository/org/apache/lucene/lucene-sandbox/8.8.0/lucene-sandbox-8.8.0.jar:/Users/yudyang/.m2/repository/org/apache/lucene/lucene-spatial-extras/8.8.0/lucene-spatial-extras-8.8.0.jar:/Users/yudyang/.m2/repository/org/apache/lucene/lucene-spatial3d/8.8.0/lucene-spatial3d-8.8.0.jar:/Users/yudyang/.m2/repository/org/apache/lucene/lucene-suggest/8.8.0/lucene-suggest-8.8.0.jar:/Users/yudyang/.m2/repository/org/elasticsearch/elasticsearch-cli/7.12.0/elasticsearch-cli-7.12.0.jar:/Users/yudyang/.m2/repository/net/sf/jopt-simple/jopt-simple/5.0.2/jopt-simple-5.0.2.jar:/Users/yudyang/.m2/repository/com/carrotsearch/hppc/0.8.1/hppc-0.8.1.jar:/Users/yudyang/.m2/repository/joda-time/joda-time/2.10.4/joda-time-2.10.4.jar:/Users/yudyang/.m2/repository/com/tdunning/t-digest/3.2/t-digest-3.2.jar:/Users/yudyang/.m2/repository/org/hdrhistogram/HdrHistogram/2.1.9/HdrHistogram-2.1.9.jar:/Users/yudyang/.m2/repository/org/apache/logging/log4j/log4j-api/2.11.1/log4j-api-2.11.1.jar:/Users/yudyang/.m2/repository/org/elasticsearch/jna/5.7.0-1/jna-5.7.0-1.jar:"/>
    <property name="sun.cpu.endian" value="little"/>
    <property name="user.home" value="/Users/yudyang"/>
    <property name="user.language" value="en"/>
    <property name="java.specification.vendor" value="Oracle Corporation"/>
    <property name="java.home" value="/Users/yudyang/JDK/1.8.221_mac/jre"/>
    <property name="basedir" value="/Users/yudyang/opendistro/iamazy/Regulus/sql-core"/>
    <property name="file.separator" value="/"/>
    <property name="line.separator" value="&#10;"/>
    <property name="java.vm.specification.vendor" value="Oracle Corporation"/>
    <property name="java.specification.name" value="Java Platform API Specification"/>
    <property name="java.awt.graphicsenv" value="sun.awt.CGraphicsEnvironment"/>
    <property name="surefire.real.class.path" value="/Users/yudyang/opendistro/iamazy/Regulus/sql-core/target/surefire/surefirebooter3241435579108155218.jar"/>
    <property name="sun.boot.class.path" value="/Users/yudyang/JDK/1.8.221_mac/jre/lib/resources.jar:/Users/yudyang/JDK/1.8.221_mac/jre/lib/jdksse.jar:/Users/yudyang/JDK/1.8.221_mac/jre/lib/jdkrsassa.jar:/Users/yudyang/JDK/1.8.221_mac/jre/lib/rt.jar:/Users/yudyang/JDK/1.8.221_mac/jre/lib/sunrsasign.jar:/Users/yudyang/JDK/1.8.221_mac/jre/lib/jsse.jar:/Users/yudyang/JDK/1.8.221_mac/jre/lib/jce.jar:/Users/yudyang/JDK/1.8.221_mac/jre/lib/charsets.jar:/Users/yudyang/JDK/1.8.221_mac/jre/lib/jfr.jar:/Users/yudyang/JDK/1.8.221_mac/jre/classes"/>
    <property name="sun.management.compiler" value="HotSpot 64-Bit Tiered Compilers"/>
    <property name="java.runtime.version" value="1.8.0_221-b08"/>
    <property name="user.name" value="yudyang"/>
    <property name="path.separator" value=":"/>
    <property name="os.version" value="10.15.7"/>
    <property name="java.endorsed.dirs" value="/Users/yudyang/JDK/1.8.221_mac/jre/lib/endorsed"/>
    <property name="java.runtime.name" value="OpenJDK Runtime Environment"/>
    <property name="file.encoding" value="UTF-8"/>
    <property name="java.vm.name" value="OpenJDK 64-Bit Server VM"/>
    <property name="localRepository" value="/Users/yudyang/.m2/repository"/>
    <property name="java.vendor.url.bug" value="http://www.azulsystems.com/support/"/>
    <property name="java.io.tmpdir" value="/var/folders/rr/65vx34555x16p5r1jvjcd23439dpf8/T/"/>
    <property name="java.version" value="1.8.0_221"/>
    <property name="user.dir" value="/Users/yudyang/opendistro/iamazy/Regulus/sql-core"/>
    <property name="os.arch" value="x86_64"/>
    <property name="java.vm.specification.name" value="Java Virtual Machine Specification"/>
    <property name="java.awt.printerjob" value="sun.lwawt.macosx.CPrinterJob"/>
    <property name="sun.os.patch.level" value="unknown"/>
    <property name="java.library.path" value="/Users/yudyang/Library/Java/Extensions:/Library/Java/Extensions:/Network/Library/Java/Extensions:/System/Library/Java/Extensions:/usr/lib/java:."/>
    <property name="java.vm.info" value="mixed mode"/>
    <property name="java.vendor" value="Azul Systems, Inc."/>
    <property name="java.vm.version" value="25.221-b08"/>
    <property name="java.ext.dirs" value="/Users/yudyang/Library/Java/Extensions:/Users/yudyang/JDK/1.8.221_mac/jre/lib/ext:/Library/Java/Extensions:/Network/Library/Java/Extensions:/System/Library/Java/Extensions:/usr/lib/java"/>
    <property name="sun.io.unicode.encoding" value="UnicodeBig"/>
    <property name="java.class.version" value="52.0"/>
  </properties>
</testsuite>